<?xml version="1.0" encoding="UTF-8"?>
<!-- Generated by org.testng.reporters.JUnitReportReporter -->
<testsuite hostname="cdc2-l-433dqcf" failures="0" tests="2" name="CucumberOptions.TestNGTestRunner" time="38.793" errors="0" timestamp="2024-11-24T02:05:38 IST" skipped="0">
  <testcase classname="CucumberOptions.TestNGTestRunner" name="runScenario" time="21.837"/>
  <testcase classname="CucumberOptions.TestNGTestRunner" name="runScenario" time="16.956"/>
</testsuite> <!-- CucumberOptions.TestNGTestRunner -->
