<?xml version="1.0" encoding="UTF-8"?>
<!-- Generated by org.testng.reporters.JUnitReportReporter -->
<testsuite hostname="cdc2-l-433dqcf" failures="1" tests="2" name="CucumberOptions.TestNGTestRunner" time="48.541" errors="0" timestamp="2024-11-17T23:49:17 IST" skipped="0">
  <testcase classname="CucumberOptions.TestNGTestRunner" name="runScenario" time="24.366">
    <failure message="expected [Beetroot] but found [No data]" type="java.lang.AssertionError">
      <![CDATA[java.lang.AssertionError: expected [Beetroot] but found [No data]
at org.testng.Assert.fail(Assert.java:111)
at org.testng.Assert.failNotEquals(Assert.java:1578)
at org.testng.Assert.assertEqualsImpl(Assert.java:150)
at org.testng.Assert.assertEquals(Assert.java:132)
at org.testng.Assert.assertEquals(Assert.java:656)
at org.testng.Assert.assertEquals(Assert.java:666)
at StepDefinitions.OfferPageStepDefinition.validate_product_name_in_offer_page_matches_with_home_page(OfferPageStepDefinition.java:35)
at âœ½.Validate product name in offer page matches with home page.(file:///C:/Users/sibin.valluparambath/eclipse-workspace2/CucumberFramework_GHA/src/test/java/Features/SearchProducts.feature:8)
]]>
    </failure>
  </testcase> <!-- runScenario -->
  <testcase classname="CucumberOptions.TestNGTestRunner" name="runScenario" time="24.175"/>
</testsuite> <!-- CucumberOptions.TestNGTestRunner -->
